Electrostatic potential parameters

Grid information (see 1_default_grid.dat in Angstrom)
    Number of grid points:            1089

Quantum electrostatic potential (see 1_default_grid_esp.dat)

Constraints
    Charge constraints
        Total charge of   0.07053653 on the set   2
        Total charge of   0.08505944 on the set   3
        Total charge of  -0.47140626 on the set   4
        Total charge of   0.12577513 on the set   5
        Total charge of  -0.10083363 on the set   6
        Total charge of   0.36409441 on the set   7
        Total charge of  -0.49600907 on the set   8
        Total charge of  -0.04595374 on the set   9
        Total charge of   0.36252461 on the set  10
        Total charge of  -0.52858778 on the set  11
        Total charge of   0.02500923 on the set  12
        Total charge of   0.17305141 on the set  18
    Equality constraints
        Equal charges on atoms
                                 15  16  17
                                 19  20  21
                                 22  23  24

Restraint
    Hyperbolic restraint to a charge of zero
    Hydrogen atoms are not restrained
    resp_a:                           0.0010
    resp_b:                           0.1000

Fit

Electrostatic Potential Charges
   Center  Symbol       ESP      RESP
      1    C      -0.23874197 -0.20126169
      2    N       0.07053653  0.07053653
      3    C       0.08505944  0.08505944
      4    N      -0.47140626 -0.47140626
      5    C       0.12577513  0.12577513
      6    C      -0.10083363 -0.10083363
      7    C       0.36409441  0.36409441
      8    O      -0.49600907 -0.49600907
      9    N      -0.04595374 -0.04595374
     10    C       0.36252461  0.36252461
     11    O      -0.52858778 -0.52858778
     12    N       0.02500923  0.02500923
     13    C       0.03219249  0.00605392
     14    C      -0.04516974 -0.03375554
     15    H       0.12211278  0.11036599
     16    H       0.12211278  0.11036599
     17    H       0.12211278  0.11036599
     18    H       0.17305141  0.17305141
     19    H       0.04252288  0.05004304
     20    H       0.04252288  0.05004304
     21    H       0.04252288  0.05004304
     22    H       0.06485065  0.06149197
     23    H       0.06485065  0.06149197
     24    H       0.06485065  0.06149197
Total Charge:     -0.00000000 -0.00000000
